2022-06-03 17:10:55,305 [Worker-4: Loading available Gradle versions] INFO  o.e.b.c.i.u.g.PublishedGradleVersions - Gradle version information cache is up-to-date. Trying to read.
2022-06-03 17:11:29,848 [Worker-4: Updating Maven Dependencies] INFO  o.e.m.c.i.l.LifecycleMappingFactory - Using org.maven.ide.eclipse.wtp.WarLifecycleMapping lifecycle mapping for MavenProject: client_serve:client_serve:0.0.1-SNAPSHOT @ C:\Users\YEN_XINH\Downloads\BUI_CONG_TIEN_B9074\web_services\client\pom.xml.
2022-06-03 17:11:32,523 [Worker-23: Building] INFO  o.e.m.c.i.l.LifecycleMappingFactory - Using org.maven.ide.eclipse.wtp.WarLifecycleMapping lifecycle mapping for MavenProject: Resful_Lesson_One:Resful_Lesson_One:0.0.1-SNAPSHOT @ C:\Users\YEN_XINH\Downloads\BUI_CONG_TIEN_B9074\web_services\webAPI\pom.xml.
2022-06-03 17:11:33,004 [Worker-23: Building] WARN  o.e.m.c.i.embedder.EclipseLogger - Using platform encoding (Cp1252 actually) to copy filtered resources, i.e. build is platform dependent!
2022-06-03 17:11:33,007 [Worker-23: Building] INFO  o.e.m.c.i.embedder.EclipseLogger - skip non existing resourceDirectory C:\Users\YEN_XINH\Downloads\BUI_CONG_TIEN_B9074\web_services\webAPI\src\main\resources
2022-06-03 17:11:33,009 [Worker-23: Building] WARN  o.e.m.c.i.embedder.EclipseLogger - Using platform encoding (Cp1252 actually) to copy filtered resources, i.e. build is platform dependent!
2022-06-03 17:11:33,011 [Worker-23: Building] INFO  o.e.m.c.i.embedder.EclipseLogger - skip non existing resourceDirectory C:\Users\YEN_XINH\Downloads\BUI_CONG_TIEN_B9074\web_services\webAPI\src\test\resources
2022-06-03 17:11:33,782 [Worker-23: Building] WARN  o.e.m.c.i.embedder.EclipseLogger - Using platform encoding (Cp1252 actually) to copy filtered resources, i.e. build is platform dependent!
2022-06-03 17:11:33,784 [Worker-23: Building] INFO  o.e.m.c.i.embedder.EclipseLogger - skip non existing resourceDirectory C:\Users\YEN_XINH\Downloads\BUI_CONG_TIEN_B9074\web_services\client\src\main\resources
2022-06-03 17:11:33,786 [Worker-23: Building] WARN  o.e.m.c.i.embedder.EclipseLogger - Using platform encoding (Cp1252 actually) to copy filtered resources, i.e. build is platform dependent!
2022-06-03 17:11:33,788 [Worker-23: Building] INFO  o.e.m.c.i.embedder.EclipseLogger - skip non existing resourceDirectory C:\Users\YEN_XINH\Downloads\BUI_CONG_TIEN_B9074\web_services\client\src\test\resources
2022-06-03 17:11:37,855 [Worker-16: Building] WARN  o.e.m.c.i.embedder.EclipseLogger - Using platform encoding (Cp1252 actually) to copy filtered resources, i.e. build is platform dependent!
2022-06-03 17:11:37,857 [Worker-16: Building] INFO  o.e.m.c.i.embedder.EclipseLogger - skip non existing resourceDirectory C:\Users\YEN_XINH\Downloads\BUI_CONG_TIEN_B9074\web_services\webAPI\src\main\resources
2022-06-03 17:11:37,858 [Worker-16: Building] WARN  o.e.m.c.i.embedder.EclipseLogger - Using platform encoding (Cp1252 actually) to copy filtered resources, i.e. build is platform dependent!
2022-06-03 17:11:37,859 [Worker-16: Building] INFO  o.e.m.c.i.embedder.EclipseLogger - skip non existing resourceDirectory C:\Users\YEN_XINH\Downloads\BUI_CONG_TIEN_B9074\web_services\webAPI\src\test\resources
2022-06-03 17:11:37,927 [Worker-16: Building] WARN  o.e.m.c.i.embedder.EclipseLogger - Using platform encoding (Cp1252 actually) to copy filtered resources, i.e. build is platform dependent!
2022-06-03 17:11:37,927 [Worker-16: Building] INFO  o.e.m.c.i.embedder.EclipseLogger - skip non existing resourceDirectory C:\Users\YEN_XINH\Downloads\BUI_CONG_TIEN_B9074\web_services\client\src\main\resources
2022-06-03 17:11:37,928 [Worker-16: Building] WARN  o.e.m.c.i.embedder.EclipseLogger - Using platform encoding (Cp1252 actually) to copy filtered resources, i.e. build is platform dependent!
2022-06-03 17:11:37,929 [Worker-16: Building] INFO  o.e.m.c.i.embedder.EclipseLogger - skip non existing resourceDirectory C:\Users\YEN_XINH\Downloads\BUI_CONG_TIEN_B9074\web_services\client\src\test\resources
2022-06-03 17:13:26,868 [Worker-28: Building] WARN  o.e.m.c.i.embedder.EclipseLogger - Using platform encoding (Cp1252 actually) to copy filtered resources, i.e. build is platform dependent!
2022-06-03 17:13:26,870 [Worker-28: Building] INFO  o.e.m.c.i.embedder.EclipseLogger - skip non existing resourceDirectory C:\Users\YEN_XINH\Downloads\BUI_CONG_TIEN_B9074\web_services\client\src\main\resources
2022-06-03 17:13:26,871 [Worker-28: Building] WARN  o.e.m.c.i.embedder.EclipseLogger - Using platform encoding (Cp1252 actually) to copy filtered resources, i.e. build is platform dependent!
2022-06-03 17:13:26,873 [Worker-28: Building] INFO  o.e.m.c.i.embedder.EclipseLogger - skip non existing resourceDirectory C:\Users\YEN_XINH\Downloads\BUI_CONG_TIEN_B9074\web_services\client\src\test\resources
